<?xml version="1.0" encoding="UTF-8"?>
<!-- Generated by org.testng.reporters.JUnitReportReporter -->
<testsuite skipped="0" hostname="DESKTOP-7BJ3MSG" name="testCasePackage.DemoTest1" tests="3" failures="0" timestamp="2021-06-21T23:54:57 IST" time="12.391" errors="0">
  <testcase name="test2" time="4.286" classname="testCasePackage.DemoTest1"/>
  <system-out/>
  <testcase name="test1" time="3.965" classname="testCasePackage.DemoTest1"/>
  <system-out/>
  <testcase name="test3" time="4.140" classname="testCasePackage.DemoTest1"/>
  <system-out/>
</testsuite> <!-- testCasePackage.DemoTest1 -->
