<?xml version="1.0" encoding="UTF-8"?>
<!-- Generated by org.testng.reporters.JUnitReportReporter -->
<testsuite skipped="0" hostname="DESKTOP-7BJ3MSG" name="testCasePackage.DemoTest1" tests="3" failures="0" timestamp="2021-06-21T23:59:30 IST" time="20.959" errors="0">
  <testcase name="test3" time="8.328" classname="testCasePackage.DemoTest1"/>
  <system-out/>
  <testcase name="test2" time="8.221" classname="testCasePackage.DemoTest1"/>
  <system-out/>
  <testcase name="test1" time="4.410" classname="testCasePackage.DemoTest1"/>
  <system-out/>
</testsuite> <!-- testCasePackage.DemoTest1 -->
